# JRE version: Java(TM) SE Runtime Environment (8.0_201-b09) (build 1.8.0_201-b09)
# Java VM: Java HotSpot(TM) 64-Bit Server VM (25.201-b09 mixed mode windows-amd64 compressed oops)
Heap:
 PSYoungGen      total 120320K, used 38996K [0x00000000f5580000, 0x0000000100000000, 0x0000000100000000)
  eden space 78336K, 0% used [0x00000000f5580000,0x00000000f5580000,0x00000000fa200000)
  from space 41984K, 92% used [0x00000000fd700000,0x00000000ffd15198,0x0000000100000000)
  to   space 48128K, 0% used [0x00000000fa200000,0x00000000fa200000,0x00000000fd100000)
 ParOldGen       total 349696K, used 330206K [0x00000000e0000000, 0x00000000f5580000, 0x00000000f5580000)
  object space 349696K, 94% used [0x00000000e0000000,0x00000000f42779b0,0x00000000f5580000)
 Metaspace       used 108481K, capacity 116084K, committed 116480K, reserved 1150976K
  class space    used 13755K, capacity 15222K, committed 15360K, reserved 1048576K
GC Heap History (10 events):
Event: 13360.855 GC heap after
Heap after GC invocations=120 (full 8):
 PSYoungGen      total 140800K, used 4062K [0x00000000f5580000, 0x00000000ffe00000, 0x0000000100000000)
  eden space 111104K, 0% used [0x00000000f5580000,0x00000000f5580000,0x00000000fc200000)
  from space 29696K, 13% used [0x00000000fe100000,0x00000000fe4f7ab0,0x00000000ffe00000)
  to   space 30720K, 0% used [0x00000000fc200000,0x00000000fc200000,0x00000000fe000000)
 ParOldGen       total 349696K, used 258988K [0x00000000e0000000, 0x00000000f5580000, 0x00000000f5580000)
  object space 349696K, 74% used [0x00000000e0000000,0x00000000efceb1d0,0x00000000f5580000)
 Metaspace       used 108446K, capacity 116070K, committed 116480K, reserved 1150976K
  class space    used 13755K, capacity 15221K, committed 15360K, reserved 1048576K
}
Event: 13361.045 GC heap before
{Heap before GC invocations=121 (full 8):
 PSYoungGen      total 140800K, used 115021K [0x00000000f5580000, 0x00000000ffe00000, 0x0000000100000000)
  eden space 111104K, 99% used [0x00000000f5580000,0x00000000fc1dbb00,0x00000000fc200000)
  from space 29696K, 13% used [0x00000000fe100000,0x00000000fe4f7ab0,0x00000000ffe00000)
  to   space 30720K, 0% used [0x00000000fc200000,0x00000000fc200000,0x00000000fe000000)
 ParOldGen       total 349696K, used 258988K [0x00000000e0000000, 0x00000000f5580000, 0x00000000f5580000)
  object space 349696K, 74% used [0x00000000e0000000,0x00000000efceb1d0,0x00000000f5580000)
 Metaspace       used 108454K, capacity 116070K, committed 116480K, reserved 1150976K
  class space    used 13755K, capacity 15221K, committed 15360K, reserved 1048576K
Event: 13361.081 GC heap after
Heap after GC invocations=121 (full 8):
 PSYoungGen      total 141824K, used 30698K [0x00000000f5580000, 0x0000000100000000, 0x0000000100000000)
  eden space 111104K, 0% used [0x00000000f5580000,0x00000000f5580000,0x00000000fc200000)
  from space 30720K, 99% used [0x00000000fc200000,0x00000000fdffa8e8,0x00000000fe000000)
  to   space 32768K, 0% used [0x00000000fe000000,0x00000000fe000000,0x0000000100000000)
 ParOldGen       total 349696K, used 277608K [0x00000000e0000000, 0x00000000f5580000, 0x00000000f5580000)
  object space 349696K, 79% used [0x00000000e0000000,0x00000000f0f1a040,0x00000000f5580000)
 Metaspace       used 108454K, capacity 116070K, committed 116480K, reserved 1150976K
  class space    used 13755K, capacity 15221K, committed 15360K, reserved 1048576K
}
Event: 13361.433 GC heap before
{Heap before GC invocations=122 (full 8):
 PSYoungGen      total 141824K, used 141802K [0x00000000f5580000, 0x0000000100000000, 0x0000000100000000)
  eden space 111104K, 100% used [0x00000000f5580000,0x00000000fc200000,0x00000000fc200000)
  from space 30720K, 99% used [0x00000000fc200000,0x00000000fdffa8e8,0x00000000fe000000)
  to   space 32768K, 0% used [0x00000000fe000000,0x00000000fe000000,0x0000000100000000)
 ParOldGen       total 349696K, used 277608K [0x00000000e0000000, 0x00000000f5580000, 0x00000000f5580000)
  object space 349696K, 79% used [0x00000000e0000000,0x00000000f0f1a040,0x00000000f5580000)
 Metaspace       used 108457K, capacity 116070K, committed 116480K, reserved 1150976K
  class space    used 13755K, capacity 15221K, committed 15360K, reserved 1048576K
Event: 13361.474 GC heap after
Heap after GC invocations=122 (full 8):
 PSYoungGen      total 120320K, used 22558K [0x00000000f5580000, 0x0000000100000000, 0x0000000100000000)
  eden space 87552K, 0% used [0x00000000f5580000,0x00000000f5580000,0x00000000fab00000)
  from space 32768K, 68% used [0x00000000fe000000,0x00000000ff607bb0,0x0000000100000000)
  to   space 43520K, 0% used [0x00000000fab00000,0x00000000fab00000,0x00000000fd580000)
 ParOldGen       total 349696K, used 308391K [0x00000000e0000000, 0x00000000f5580000, 0x00000000f5580000)
  object space 349696K, 88% used [0x00000000e0000000,0x00000000f2d29f40,0x00000000f5580000)
 Metaspace       used 108457K, capacity 116070K, committed 116480K, reserved 1150976K
  class space    used 13755K, capacity 15221K, committed 15360K, reserved 1048576K
}
Event: 13361.943 GC heap before
{Heap before GC invocations=123 (full 8):
 PSYoungGen      total 120320K, used 110110K [0x00000000f5580000, 0x0000000100000000, 0x0000000100000000)
  eden space 87552K, 100% used [0x00000000f5580000,0x00000000fab00000,0x00000000fab00000)
  from space 32768K, 68% used [0x00000000fe000000,0x00000000ff607bb0,0x0000000100000000)
  to   space 43520K, 0% used [0x00000000fab00000,0x00000000fab00000,0x00000000fd580000)
 ParOldGen       total 349696K, used 308391K [0x00000000e0000000, 0x00000000f5580000, 0x00000000f5580000)
  object space 349696K, 88% used [0x00000000e0000000,0x00000000f2d29f40,0x00000000f5580000)
 Metaspace       used 108479K, capacity 116076K, committed 116480K, reserved 1150976K
  class space    used 13755K, capacity 15222K, committed 15360K, reserved 1048576K
Event: 13361.952 GC heap after
Heap after GC invocations=123 (full 8):
 PSYoungGen      total 131072K, used 19253K [0x00000000f5580000, 0x0000000100000000, 0x0000000100000000)
  eden space 87552K, 0% used [0x00000000f5580000,0x00000000f5580000,0x00000000fab00000)
  from space 43520K, 44% used [0x00000000fab00000,0x00000000fbdcd510,0x00000000fd580000)
  to   space 41984K, 0% used [0x00000000fd700000,0x00000000fd700000,0x0000000100000000)
 ParOldGen       total 349696K, used 311551K [0x00000000e0000000, 0x00000000f5580000, 0x00000000f5580000)
  object space 349696K, 89% used [0x00000000e0000000,0x00000000f303ff40,0x00000000f5580000)
 Metaspace       used 108479K, capacity 116076K, committed 116480K, reserved 1150976K
  class space    used 13755K, capacity 15222K, committed 15360K, reserved 1048576K
}
Event: 13362.038 GC heap before
{Heap before GC invocations=124 (full 8):
 PSYoungGen      total 131072K, used 106805K [0x00000000f5580000, 0x0000000100000000, 0x0000000100000000)
  eden space 87552K, 100% used [0x00000000f5580000,0x00000000fab00000,0x00000000fab00000)
  from space 43520K, 44% used [0x00000000fab00000,0x00000000fbdcd510,0x00000000fd580000)
  to   space 41984K, 0% used [0x00000000fd700000,0x00000000fd700000,0x0000000100000000)
 ParOldGen       total 349696K, used 311551K [0x00000000e0000000, 0x00000000f5580000, 0x00000000f5580000)
  object space 349696K, 89% used [0x00000000e0000000,0x00000000f303ff40,0x00000000f5580000)
 Metaspace       used 108481K, capacity 116084K, committed 116480K, reserved 1150976K
  class space    used 13755K, capacity 15222K, committed 15360K, reserved 1048576K
Event: 13362.059 GC heap after
Heap after GC invocations=124 (full 8):
 PSYoungGen      total 120320K, used 38996K [0x00000000f5580000, 0x0000000100000000, 0x0000000100000000)
  eden space 78336K, 0% used [0x00000000f5580000,0x00000000f5580000,0x00000000fa200000)
  from space 41984K, 92% used [0x00000000fd700000,0x00000000ffd15198,0x0000000100000000)
  to   space 48128K, 0% used [0x00000000fa200000,0x00000000fa200000,0x00000000fd100000)
 ParOldGen       total 349696K, used 330206K [0x00000000e0000000, 0x00000000f5580000, 0x00000000f5580000)
  object space 349696K, 94% used [0x00000000e0000000,0x00000000f42779b0,0x00000000f5580000)
 Metaspace       used 108481K, capacity 116084K, committed 116480K, reserved 1150976K
  class space    used 13755K, capacity 15222K, committed 15360K, reserved 1048576K
}
Event: 13362.060 GC heap before
{Heap before GC invocations=125 (full 9):
 PSYoungGen      total 120320K, used 38996K [0x00000000f5580000, 0x0000000100000000, 0x0000000100000000)
  eden space 78336K, 0% used [0x00000000f5580000,0x00000000f5580000,0x00000000fa200000)
  from space 41984K, 92% used [0x00000000fd700000,0x00000000ffd15198,0x0000000100000000)
  to   space 48128K, 0% used [0x00000000fa200000,0x00000000fa200000,0x00000000fd100000)
 ParOldGen       total 349696K, used 330206K [0x00000000e0000000, 0x00000000f5580000, 0x00000000f5580000)
  object space 349696K, 94% used [0x00000000e0000000,0x00000000f42779b0,0x00000000f5580000)
 Metaspace       used 108481K, capacity 116084K, committed 116480K, reserved 1150976K
  class space    used 13755K, capacity 15222K, committed 15360K, reserved 1048576K

